#
# There is insufficient memory for the Java Runtime Environment to continue.
# Native memory allocation (malloc) failed to allocate 73296 bytes for Chunk::new
# Possible reasons:
#   The system is out of physical RAM or swap space
#   In 32 bit mode, the process size limit was hit
# Possible solutions:
#   Reduce memory load on the system
#   Increase physical memory or swap space
#   Check if swap backing store is full
#   Use 64 bit Java on a 64 bit OS
#   Decrease Java heap size (-Xmx/-Xms)
#   Decrease number of Java threads
#   Decrease Java thread stack sizes (-Xss)
#   Set larger code cache with -XX:ReservedCodeCacheSize=
# This output file may be truncated or incomplete.
#
#  Out of Memory Error (allocation.cpp:390), pid=11132, tid=0x0000000000002d5c
#
# JRE version: Java(TM) SE Runtime Environment (8.0_101-b13) (build 1.8.0_101-b13)
# Java VM: Java HotSpot(TM) 64-Bit Server VM (25.101-b13 mixed mode windows-amd64 compressed oops)
# Failed to write core dump. Minidumps are not enabled by default on client versions of Windows
#

---------------  T H R E A D  ---------------

Current thread (0x0000000058a4a000):  JavaThread "C2 CompilerThread0" daemon [_thread_in_native, id=11612, stack(0x000000005a360000,0x000000005a460000)]

Stack: [0x000000005a360000,0x000000005a460000]
[error occurred during error reporting (printing stack bounds), id 0xc0000005]

Native frames: (J=compiled Java code, j=interpreted, Vv=VM code, C=native code)


Current CompileTask:
C2:     85  175       4       jdk.internal.org.objectweb.asm.ByteVector::putUTF8 (142 bytes)


---------------  P R O C E S S  ---------------

Java Threads: ( => current thread )
  0x0000000058ae2800 JavaThread "Service Thread" daemon [_thread_blocked, id=4708, stack(0x000000005a750000,0x000000005a850000)]
  0x0000000058a57000 JavaThread "C1 CompilerThread3" daemon [_thread_in_native, id=8480, stack(0x000000005a260000,0x000000005a360000)]
  0x0000000057aaf000 JavaThread "C2 CompilerThread2" daemon [_thread_blocked, id=10484, stack(0x000000005a650000,0x000000005a750000)]
  0x0000000057aab000 JavaThread "C2 CompilerThread1" daemon [_thread_blocked, id=3784, stack(0x000000005a4b0000,0x000000005a5b0000)]
=>0x0000000058a4a000 JavaThread "C2 CompilerThread0" daemon [_thread_in_native, id=11612, stack(0x000000005a360000,0x000000005a460000)]
  0x0000000058a49000 JavaThread "Attach Listener" daemon [_thread_blocked, id=11444, stack(0x000000005a100000,0x000000005a200000)]
  0x0000000058a47800 JavaThread "Signal Dispatcher" daemon [_thread_blocked, id=10408, stack(0x0000000059eb0000,0x0000000059fb0000)]
  0x0000000057aa1000 JavaThread "Finalizer" daemon [_thread_blocked, id=5736, stack(0x0000000059d50000,0x0000000059e50000)]
  0x0000000057a9a000 JavaThread "Reference Handler" daemon [_thread_blocked, id=3640, stack(0x0000000059bb0000,0x0000000059cb0000)]
  0x0000000001ece800 JavaThread "main" [_thread_in_vm, id=11588, stack(0x0000000002300000,0x0000000002400000)]

Other Threads:
  0x0000000057a91000 VMThread [stack: 0x00000000599f0000,0x0000000059af0000] [id=11704]
  0x0000000058a9f000 WatcherThread [stack: 0x000000005a920000,0x000000005aa20000] [id=12204]

VM state:not at safepoint (normal execution)

VM Mutex/Monitor currently owned by a thread: None

Heap:
 PSYoungGen      total 38400K, used 2677K [0x00000000d5d00000, 0x00000000d8780000, 0x0000000100000000)
  eden space 33280K, 8% used [0x00000000d5d00000,0x00000000d5f9d5b8,0x00000000d7d80000)
  from space 5120K, 0% used [0x00000000d8280000,0x00000000d8280000,0x00000000d8780000)
  to   space 5120K, 0% used [0x00000000d7d80000,0x00000000d7d80000,0x00000000d8280000)
 ParOldGen       total 87552K, used 0K [0x0000000081600000, 0x0000000086b80000, 0x00000000d5d00000)
  object space 87552K, 0% used [0x0000000081600000,0x0000000081600000,0x0000000086b80000)
 Metaspace       used 3628K, capacity 4744K, committed 4864K, reserved 1056768K
  class space    used 400K, capacity 450K, committed 512K, reserved 1048576K

Card table byte_map: [0x0000000011a90000,0x0000000011e90000] byte_map_base: 0x0000000011685000

Marking Bits: (ParMarkBitMap*) 0x000000007026a6d0
 Begin Bits: [0x0000000012d60000, 0x0000000014d08000)
 End Bits:   [0x0000000014d08000, 0x0000000016cb0000)

Polling page: 0x0000000000210000

CodeCache: size=245760Kb used=1313Kb max_used=1313Kb free=244446Kb
 bounds [0x00000000026d0000, 0x0000000002940000, 0x00000000116d0000]
 total_blobs=423 nmethods=169 adapters=167
 compilation: enabled

Compilation events (10 events):
Event: 0.081 Thread 0x0000000058a57000  147       3       java.lang.StringBuilder::<init> (7 bytes)
Event: 0.081 Thread 0x0000000058a57000 nmethod 147 0x00000000028132d0 code [0x0000000002813440, 0x00000000028136f0]
Event: 0.081 Thread 0x0000000058a57000  157       3       java.lang.invoke.MemberName::isConstructor (7 bytes)
Event: 0.081 Thread 0x0000000058a57000 nmethod 157 0x0000000002813b10 code [0x0000000002813c80, 0x0000000002813ef0]
Event: 0.081 Thread 0x0000000058a57000  158       3       java.lang.invoke.MemberName::getMethodOrFieldType (72 bytes)
Event: 0.082 Thread 0x0000000058a57000 nmethod 158 0x0000000002814450 code [0x0000000002814740, 0x0000000002815e08]
Event: 0.082 Thread 0x0000000058a57000  155       3       java.lang.invoke.MethodTypeForm::canonicalize (233 bytes)
Event: 0.082 Thread 0x0000000058a57000 nmethod 155 0x0000000002816ad0 code [0x0000000002816d20, 0x00000000028178d8]
Event: 0.082 Thread 0x0000000058a57000  161       3       jdk.internal.org.objectweb.asm.Frame::execute (2252 bytes)
Event: 0.083 Thread 0x0000000058a4a000  175       4       jdk.internal.org.objectweb.asm.ByteVector::putUTF8 (142 bytes)

GC Heap History (0 events):
No events

Deoptimization events (0 events):
No events

Internal exceptions (4 events):
Event: 0.020 Thread 0x0000000001ece800 Exception <a 'java/lang/NoSuchMethodError': Method sun.misc.Unsafe.defineClass(Ljava/lang/String;[BII)Ljava/lang/Class; name or signature does not match> (0x00000000d5d07cc0) thrown at [C:\re\workspace\8-2-build-windows-amd64-cygwin\jdk8u101\7261\hotspot\sN°±N|ï?
Event: 0.021 Thread 0x0000000001ece800 Exception <a 'java/lang/NoSuchMethodError': Method sun.misc.Unsafe.prefetchRead(Ljava/lang/Object;J)V name or signature does not match> (0x00000000d5d07fa8) thrown at [C:\re\workspace\8-2-build-windows-amd64-cygwin\jdk8u101\7261\hotspot\src\share\vm\prims\∂rÈêí'µ?
Event: 0.083 Thread 0x0000000001ece800 Exception <a 'java/lang/NoSuchFieldError': method resolution failed> (0x00000000d5f37d08) thrown at [C:\re\workspace\8-2-build-windows-amd64-cygwin\jdk8u101\7261\hotspot\src\share\vm\prims\methodHandles.cpp, line 1146]
Event: 0.084 Thread 0x0000000001ece800 Exception <a 'java/lang/NoSuchFieldError': method resolution failed> (0x00000000d5f45088) thrown at [C:\re\workspace\8-2-build-windows-amd64-cygwin\jdk8u101\7261\hotspot\src\share\vm\prims\methodHandles.cpp, line 1146]

Events (10 events):
Event: 0.077 loading class java/lang/invoke/MethodHandleImpl$Lazy
Event: 0.077 loading class java/lang/invoke/MethodHandleImpl$Lazy done
Event: 0.077 loading class java/lang/invoke/MethodHandleImpl$IntrinsicMethodHandle
Event: 0.077 loading class java/lang/invoke/MethodHandleImpl$IntrinsicMethodHandle done
Event: 0.083 loading class java/lang/NoSuchFieldError
Event: 0.083 loading class java/lang/NoSuchFieldError done
Event: 0.084 loading class java/lang/invoke/LambdaFormEditor
Event: 0.085 loading class java/lang/invoke/LambdaFormEditor done
Event: 0.085 loading class java/lang/invoke/LambdaFormEditor$Transform$Kind
Event: 0.085 loading class java/lang/invoke/LambdaFormEditor$Transform$Kind done


Dynamic libraries:
0x000000013fd60000 - 0x000000013fd97000 	C:\Program Files\Java\jdk1.8.0_101\jre\bin\java.exe
0x00000000775b0000 - 0x0000000077759000 	C:\Windows\SYSTEM32\ntdll.dll
0x0000000077490000 - 0x00000000775af000 	C:\Windows\system32\kernel32.dll
0x000007fefd5f0000 - 0x000007fefd65c000 	C:\Windows\system32\KERNELBASE.dll
0x000007fefdec0000 - 0x000007fefdf9b000 	C:\Windows\system32\ADVAPI32.dll
0x000007fefd920000 - 0x000007fefd9bf000 	C:\Windows\system32\msvcrt.dll
0x000007feff1f0000 - 0x000007feff20f000 	C:\Windows\SYSTEM32\sechost.dll
0x000007fefdfa0000 - 0x000007fefe0cd000 	C:\Windows\system32\RPCRT4.dll
0x0000000077390000 - 0x000000007748a000 	C:\Windows\system32\USER32.dll
0x000007fefdd50000 - 0x000007fefddb7000 	C:\Windows\system32\GDI32.dll
0x000007feff490000 - 0x000007feff49e000 	C:\Windows\system32\LPK.dll
0x000007feff340000 - 0x000007feff409000 	C:\Windows\system32\USP10.dll
0x000007fefc100000 - 0x000007fefc2f4000 	C:\Windows\WinSxS\amd64_microsoft.windows.common-controls_6595b64144ccf1df_6.0.7601.17514_none_fa396087175ac9ac\COMCTL32.dll
0x000007fefe0d0000 - 0x000007fefe141000 	C:\Windows\system32\SHLWAPI.dll
0x000007feff4a0000 - 0x000007feff4ce000 	C:\Windows\system32\IMM32.DLL
0x000007fefd9c0000 - 0x000007fefdac9000 	C:\Windows\system32\MSCTF.dll
0x0000000079050000 - 0x0000000079122000 	C:\Program Files\Java\jdk1.8.0_101\jre\bin\msvcr100.dll
0x000000006fa50000 - 0x00000000702ea000 	C:\Program Files\Java\jdk1.8.0_101\jre\bin\server\jvm.dll
0x000007fef8f20000 - 0x000007fef8f29000 	C:\Windows\system32\WSOCK32.dll
0x000007fefd8d0000 - 0x000007fefd91d000 	C:\Windows\system32\WS2_32.dll
0x000007feff1e0000 - 0x000007feff1e8000 	C:\Windows\system32\NSI.dll
0x000007fefb0e0000 - 0x000007fefb11b000 	C:\Windows\system32\WINMM.dll
0x000007fefc610000 - 0x000007fefc61c000 	C:\Windows\system32\VERSION.dll
0x0000000077780000 - 0x0000000077787000 	C:\Windows\system32\PSAPI.DLL
0x0000000059340000 - 0x000000005934f000 	C:\Program Files\Java\jdk1.8.0_101\jre\bin\verify.dll
0x0000000059310000 - 0x0000000059339000 	C:\Program Files\Java\jdk1.8.0_101\jre\bin\java.dll
0x00000000592f0000 - 0x0000000059306000 	C:\Program Files\Java\jdk1.8.0_101\jre\bin\zip.dll
0x000007fefe150000 - 0x000007fefeed8000 	C:\Windows\system32\SHELL32.dll
0x000007feff4d0000 - 0x000007feff6d3000 	C:\Windows\system32\ole32.dll
0x000007fefd500000 - 0x000007fefd50f000 	C:\Windows\system32\profapi.dll

VM Arguments:
jvm_args: -Dfile.encoding=UTF-8 
java_command: C:\Users\ZIYAD\Documents\NetBeansProjects\General Store\dist\run291297145\General_Store.jar
java_class_path (initial): C:\Users\ZIYAD\Documents\NetBeansProjects\General Store\dist\run291297145\General_Store.jar
Launcher Type: SUN_STANDARD

Environment Variables:
JAVA_HOME=C:\Program Files\Java\jdk1.8.0_101
CLASSPATH=.;.;.;C:\PROGRA~2\JMF21~1.1E\lib\sound.jar;C:\PROGRA~2\JMF21~1.1E\lib\jmf.jar;C:\PROGRA~2\JMF21~1.1E\lib;
PATH=C:\Program Files (x86)\CodeBlocks\MinGW\bin;C:\Program Files\PHP\v5.3;C:\Program Files\Java\jdk1.8.0_101\bin;C:\ProgramData\Oracle\Java\javapath;C:\Windows\system32;C:\Windows;C:\Windows\System32\Wbem;C:\Windows\System32\WindowsPowerShell\v1.0\;C:\Program Files (x86)\AMD\ATI.ACE\Core-Static;C:\Program Files\MySQL\MySQL Utilities 1.6\;C:\Users\ZIYAD\Downloads\Maven\apache-maven-3.3.9\bin;C:\Program Files (x86)\WiX Toolset v3.7\bin;C:\Program Files (x86)\OpenVPN\bin;C:\Program Files\nodejs\;C:\opencv\build\bin;C:\Program Files\dotnet;C:\Users\ZIYAD\AppData\Local\atom\bin;C:\Users\ZIYAD\AppData\Roaming\npm;C:\Program Files\CMake\bin;C:\Program Files\Microsoft VS Code\bin;C:\Users\ZIYAD\AppData\Local\GitHubDesktop\bin
USERNAME=ZIYAD
OS=Windows_NT
PROCESSOR_IDENTIFIER=Intel64 Family 6 Model 60 Stepping 3, GenuineIntel



---------------  S Y S T E M  ---------------

OS: Windows 7 , 64 bit Build 7601 (6.1.7601.17617)

CPU:total 8 (4 cores per cpu, 2 threads per core) family 6 model 60 stepping 3, cmov, cx8, fxsr, mmx, sse, sse2, sse3, ssse3, sse4.1, sse4.2, popcnt, avx, avx2, aes, clmul, erms, rtm, lzcnt, ht, tsc, tscinvbit, bmi1, bmi2

Memory: 4k page, physical 8291236k(668336k free), swap 9963816k(5100k free)

vm_info: Java HotSpot(TM) 64-Bit Server VM (25.101-b13) for windows-amd64 JRE (1.8.0_101-b13), built on Jun 22 2016 01:21:29 by "java_re" with MS VC++ 10.0 (VS2010)

time: Sat Nov 25 14:11:37 2017
elapsed time: 0 seconds (0d 0h 0m 0s)

