#
# There is insufficient memory for the Java Runtime Environment to continue.
# Native memory allocation (malloc) failed to allocate 665136 bytes for Chunk::new
# Possible reasons:
#   The system is out of physical RAM or swap space
#   In 32 bit mode, the process size limit was hit
# Possible solutions:
#   Reduce memory load on the system
#   Increase physical memory or swap space
#   Check if swap backing store is full
#   Use 64 bit Java on a 64 bit OS
#   Decrease Java heap size (-Xmx/-Xms)
#   Decrease number of Java threads
#   Decrease Java thread stack sizes (-Xss)
#   Set larger code cache with -XX:ReservedCodeCacheSize=
# This output file may be truncated or incomplete.
#
#  Out of Memory Error (allocation.cpp:390), pid=8452, tid=0x0000000000001010
#
# JRE version: Java(TM) SE Runtime Environment (8.0_101-b13) (build 1.8.0_101-b13)
# Java VM: Java HotSpot(TM) 64-Bit Server VM (25.101-b13 mixed mode windows-amd64 compressed oops)
# Failed to write core dump. Minidumps are not enabled by default on client versions of Windows
#

---------------  T H R E A D  ---------------

Current thread (0x0000000018656800):  JavaThread "C2 CompilerThread2" daemon [_thread_in_native, id=4112, stack(0x000000001a1a0000,0x000000001a2a0000)]

Stack: [0x000000001a1a0000,0x000000001a2a0000]
[error occurred during error reporting (printing stack bounds), id 0xc0000005]

Native frames: (J=compiled Java code, j=interpreted, Vv=VM code, C=native code)


Current CompileTask:
C2:   1156 1089       4       java.lang.Class::privateGetMethodRecursive (130 bytes)


---------------  P R O C E S S  ---------------

Java Threads: ( => current thread )
  0x000000001ab37800 JavaThread "Prism Font Disposer" daemon [_thread_blocked, id=7916, stack(0x00000000219c0000,0x0000000021ac0000)]
  0x000000001aa63800 JavaThread "AWT-Windows" daemon [_thread_in_native, id=9672, stack(0x000000001c280000,0x000000001c380000)]
  0x000000001ac01800 JavaThread "AWT-Shutdown" [_thread_blocked, id=4352, stack(0x000000001c540000,0x000000001c640000)]
  0x000000001aa6d000 JavaThread "Java2D Disposer" daemon [_thread_blocked, id=9220, stack(0x000000001c390000,0x000000001c490000)]
  0x000000001a8d3000 JavaThread "Abandoned connection cleanup thread" daemon [_thread_blocked, id=8624, stack(0x000000001bf70000,0x000000001c070000)]
  0x000000001a913000 JavaThread "Thread-3" daemon [_thread_blocked, id=9780, stack(0x000000001bc60000,0x000000001bd60000)]
  0x000000001a7f0000 JavaThread "JavaFX-Launcher" [_thread_blocked, id=9628, stack(0x000000001bd80000,0x000000001be80000)]
  0x000000001a7db000 JavaThread "JavaFX Application Thread" [_thread_in_native, id=2784, stack(0x000000001b8a0000,0x000000001b9a0000)]
  0x000000001a7d5800 JavaThread "Thread-1" daemon [_thread_blocked, id=7112, stack(0x000000001b6f0000,0x000000001b7f0000)]
  0x000000001a7b5000 JavaThread "QuantumRenderer-0" daemon [_thread_blocked, id=5036, stack(0x000000001af40000,0x000000001b040000)]
  0x00000000186e3000 JavaThread "Service Thread" daemon [_thread_blocked, id=9904, stack(0x000000001a320000,0x000000001a420000)]
  0x0000000018659800 JavaThread "C1 CompilerThread3" daemon [_thread_blocked, id=8204, stack(0x0000000019b20000,0x0000000019c20000)]
=>0x0000000018656800 JavaThread "C2 CompilerThread2" daemon [_thread_in_native, id=4112, stack(0x000000001a1a0000,0x000000001a2a0000)]
  0x000000001864a800 JavaThread "C2 CompilerThread1" daemon [_thread_blocked, id=3100, stack(0x0000000019f50000,0x000000001a050000)]
  0x0000000018643000 JavaThread "C2 CompilerThread0" daemon [_thread_blocked, id=2364, stack(0x0000000019df0000,0x0000000019ef0000)]
  0x0000000018641800 JavaThread "Attach Listener" daemon [_thread_blocked, id=6776, stack(0x0000000019ca0000,0x0000000019da0000)]
  0x0000000018640800 JavaThread "Signal Dispatcher" daemon [_thread_blocked, id=2520, stack(0x0000000019a20000,0x0000000019b20000)]
  0x000000001747f800 JavaThread "Finalizer" daemon [_thread_blocked, id=9736, stack(0x0000000019830000,0x0000000019930000)]
  0x0000000017478800 JavaThread "Reference Handler" daemon [_thread_blocked, id=8940, stack(0x0000000019570000,0x0000000019670000)]
  0x0000000001cae800 JavaThread "main" [_thread_blocked, id=6608, stack(0x0000000001e90000,0x0000000001f90000)]

Other Threads:
  0x00000000185f2800 VMThread [stack: 0x00000000196b0000,0x00000000197b0000] [id=948]
  0x00000000186a1800 WatcherThread [stack: 0x000000001a5b0000,0x000000001a6b0000] [id=9468]

VM state:at safepoint (normal execution)

VM Mutex/Monitor currently owned by a thread:  ([mutex/lock_event])
[0x0000000001cacc80] Threads_lock - owner thread: 0x00000000185f2800
[0x0000000001cad180] Heap_lock - owner thread: 0x000000001ab37800

Heap:
 PSYoungGen      total 39424K, used 0K [0x00000000d5d00000, 0x00000000d8800000, 0x0000000100000000)
  eden space 34816K, 0% used [0x00000000d5d00000,0x00000000d5d00000,0x00000000d7f00000)
  from space 4608K, 0% used [0x00000000d8380000,0x00000000d8380000,0x00000000d8800000)
  to   space 4608K, 0% used [0x00000000d7f00000,0x00000000d7f00000,0x00000000d8380000)
 ParOldGen       total 63488K, used 5375K [0x0000000081600000, 0x0000000085400000, 0x00000000d5d00000)
  object space 63488K, 8% used [0x0000000081600000,0x0000000081b3fd58,0x0000000085400000)
 Metaspace       used 17267K, capacity 17720K, committed 17792K, reserved 1071104K
  class space    used 2216K, capacity 2379K, committed 2432K, reserved 1048576K

Card table byte_map: [0x00000000116a0000,0x0000000011aa0000] byte_map_base: 0x0000000011295000

Marking Bits: (ParMarkBitMap*) 0x000000005691a6d0
 Begin Bits: [0x0000000012740000, 0x00000000146e8000)
 End Bits:   [0x00000000146e8000, 0x0000000016690000)

Polling page: 0x0000000001b40000

CodeCache: size=245760Kb used=3884Kb max_used=3890Kb free=241875Kb
 bounds [0x00000000022e0000, 0x00000000026b0000, 0x00000000112e0000]
 total_blobs=1719 nmethods=1135 adapters=494
 compilation: disabled (not enough contiguous free space left)

Compilation events (10 events):
Event: 1.014 Thread 0x0000000018659800 1135       3       javafx.scene.Node::getScene (11 bytes)
Event: 1.014 Thread 0x0000000018659800 nmethod 1135 0x00000000026acc50 code [0x00000000026acde0, 0x00000000026ad228]
Event: 1.014 Thread 0x0000000018659800 1136       3       com.sun.javafx.css.parser.LexerState::hashCode (8 bytes)
Event: 1.014 Thread 0x0000000018659800 nmethod 1136 0x00000000026ad350 code [0x00000000026ad4c0, 0x00000000026ad6c8]
Event: 1.014 Thread 0x0000000018643000 1137       4       com.sun.javafx.css.BitSet::containsAll (103 bytes)
Event: 1.014 Thread 0x000000001864a800 1138       4       java.util.Collections$UnmodifiableList::get (11 bytes)
Event: 1.015 Thread 0x000000001864a800 

Event: 1.015 Thread 0x0000000018659800 1139       3       java.lang.invoke.MethodHandles$Lookup::checkAccess (250 bytes)
Event: 1.015 Thread 0x0000000018643000 

Event: 1.141 Thread 0x0000000018659800 


GC Heap History (10 events):
Event: 1.099 GC heap after
Heap after GC invocations=9 (full 4):
 PSYoungGen      total 38400K, used 96K [0x00000000d5d00000, 0x00000000d8780000, 0x0000000100000000)
  eden space 33280K, 0% used [0x00000000d5d00000,0x00000000d5d00000,0x00000000d7d80000)
  from space 5120K, 1% used [0x00000000d7d80000,0x00000000d7d98000,0x00000000d8280000)
  to   space 5120K, 0% used [0x00000000d8280000,0x00000000d8280000,0x00000000d8780000)
 ParOldGen       total 63488K, used 5525K [0x0000000081600000, 0x0000000085400000, 0x00000000d5d00000)
  object space 63488K, 8% used [0x0000000081600000,0x0000000081b65730,0x0000000085400000)
 Metaspace       used 17267K, capacity 17720K, committed 17792K, reserved 1073152K
  class space    used 2216K, capacity 2379K, committed 2432K, reserved 1048576K
}
Event: 1.099 GC heap before
{Heap before GC invocations=10 (full 5):
 PSYoungGen      total 38400K, used 96K [0x00000000d5d00000, 0x00000000d8780000, 0x0000000100000000)
  eden space 33280K, 0% used [0x00000000d5d00000,0x00000000d5d00000,0x00000000d7d80000)
  from space 5120K, 1% used [0x00000000d7d80000,0x00000000d7d98000,0x00000000d8280000)
  to   space 5120K, 0% used [0x00000000d8280000,0x00000000d8280000,0x00000000d8780000)
 ParOldGen       total 63488K, used 5525K [0x0000000081600000, 0x0000000085400000, 0x00000000d5d00000)
  object space 63488K, 8% used [0x0000000081600000,0x0000000081b65730,0x0000000085400000)
 Metaspace       used 17267K, capacity 17720K, committed 17792K, reserved 1073152K
  class space    used 2216K, capacity 2379K, committed 2432K, reserved 1048576K
Event: 1.117 GC heap after
Heap after GC invocations=10 (full 5):
 PSYoungGen      total 38400K, used 0K [0x00000000d5d00000, 0x00000000d8780000, 0x0000000100000000)
  eden space 33280K, 0% used [0x00000000d5d00000,0x00000000d5d00000,0x00000000d7d80000)
  from space 5120K, 0% used [0x00000000d7d80000,0x00000000d7d80000,0x00000000d8280000)
  to   space 5120K, 0% used [0x00000000d8280000,0x00000000d8280000,0x00000000d8780000)
 ParOldGen       total 63488K, used 5383K [0x0000000081600000, 0x0000000085400000, 0x00000000d5d00000)
  object space 63488K, 8% used [0x0000000081600000,0x0000000081b41ce8,0x0000000085400000)
 Metaspace       used 17267K, capacity 17720K, committed 17792K, reserved 1067008K
  class space    used 2216K, capacity 2379K, committed 2432K, reserved 1048576K
}
Event: 1.117 GC heap before
{Heap before GC invocations=11 (full 5):
 PSYoungGen      total 38400K, used 0K [0x00000000d5d00000, 0x00000000d8780000, 0x0000000100000000)
  eden space 33280K, 0% used [0x00000000d5d00000,0x00000000d5d00000,0x00000000d7d80000)
  from space 5120K, 0% used [0x00000000d7d80000,0x00000000d7d80000,0x00000000d8280000)
  to   space 5120K, 0% used [0x00000000d8280000,0x00000000d8280000,0x00000000d8780000)
 ParOldGen       total 63488K, used 5383K [0x0000000081600000, 0x0000000085400000, 0x00000000d5d00000)
  object space 63488K, 8% used [0x0000000081600000,0x0000000081b41ce8,0x0000000085400000)
 Metaspace       used 17267K, capacity 17720K, committed 17792K, reserved 1071104K
  class space    used 2216K, capacity 2379K, committed 2432K, reserved 1048576K
Event: 1.117 GC heap after
Heap after GC invocations=11 (full 5):
 PSYoungGen      total 38400K, used 0K [0x00000000d5d00000, 0x00000000d8780000, 0x0000000100000000)
  eden space 33280K, 0% used [0x00000000d5d00000,0x00000000d5d00000,0x00000000d7d80000)
  from space 5120K, 0% used [0x00000000d8280000,0x00000000d8280000,0x00000000d8780000)
  to   space 5120K, 0% used [0x00000000d7d80000,0x00000000d7d80000,0x00000000d8280000)
 ParOldGen       total 63488K, used 5383K [0x0000000081600000, 0x0000000085400000, 0x00000000d5d00000)
  object space 63488K, 8% used [0x0000000081600000,0x0000000081b41ce8,0x0000000085400000)
 Metaspace       used 17267K, capacity 17720K, committed 17792K, reserved 1071104K
  class space    used 2216K, capacity 2379K, committed 2432K, reserved 1048576K
}
Event: 1.118 GC heap before
{Heap before GC invocations=12 (full 6):
 PSYoungGen      total 38400K, used 0K [0x00000000d5d00000, 0x00000000d8780000, 0x0000000100000000)
  eden space 33280K, 0% used [0x00000000d5d00000,0x00000000d5d00000,0x00000000d7d80000)
  from space 5120K, 0% used [0x00000000d8280000,0x00000000d8280000,0x00000000d8780000)
  to   space 5120K, 0% used [0x00000000d7d80000,0x00000000d7d80000,0x00000000d8280000)
 ParOldGen       total 63488K, used 5383K [0x0000000081600000, 0x0000000085400000, 0x00000000d5d00000)
  object space 63488K, 8% used [0x0000000081600000,0x0000000081b41ce8,0x0000000085400000)
 Metaspace       used 17267K, capacity 17720K, committed 17792K, reserved 1071104K
  class space    used 2216K, capacity 2379K, committed 2432K, reserved 1048576K
Event: 1.141 GC heap after
Heap after GC invocations=12 (full 6):
 PSYoungGen      total 38400K, used 0K [0x00000000d5d00000, 0x00000000d8780000, 0x0000000100000000)
  eden space 33280K, 0% used [0x00000000d5d00000,0x00000000d5d00000,0x00000000d7d80000)
  from space 5120K, 0% used [0x00000000d8280000,0x00000000d8280000,0x00000000d8780000)
  to   space 5120K, 0% used [0x00000000d7d80000,0x00000000d7d80000,0x00000000d8280000)
 ParOldGen       total 63488K, used 5382K [0x0000000081600000, 0x0000000085400000, 0x00000000d5d00000)
  object space 63488K, 8% used [0x0000000081600000,0x0000000081b418d0,0x0000000085400000)
 Metaspace       used 17267K, capacity 17720K, committed 17792K, reserved 1067008K
  class space    used 2216K, capacity 2379K, committed 2432K, reserved 1048576K
}
Event: 1.141 GC heap before
{Heap before GC invocations=13 (full 6):
 PSYoungGen      total 38400K, used 332K [0x00000000d5d00000, 0x00000000d8780000, 0x0000000100000000)
  eden space 33280K, 1% used [0x00000000d5d00000,0x00000000d5d53368,0x00000000d7d80000)
  from space 5120K, 0% used [0x00000000d8280000,0x00000000d8280000,0x00000000d8780000)
  to   space 5120K, 0% used [0x00000000d7d80000,0x00000000d7d80000,0x00000000d8280000)
 ParOldGen       total 63488K, used 5382K [0x0000000081600000, 0x0000000085400000, 0x00000000d5d00000)
  object space 63488K, 8% used [0x0000000081600000,0x0000000081b418d0,0x0000000085400000)
 Metaspace       used 17267K, capacity 17720K, committed 17792K, reserved 1073152K
  class space    used 2216K, capacity 2379K, committed 2432K, reserved 1048576K
Event: 1.142 GC heap after
Heap after GC invocations=13 (full 6):
 PSYoungGen      total 38400K, used 64K [0x00000000d5d00000, 0x00000000d8800000, 0x0000000100000000)
  eden space 33280K, 0% used [0x00000000d5d00000,0x00000000d5d00000,0x00000000d7d80000)
  from space 5120K, 1% used [0x00000000d7d80000,0x00000000d7d90000,0x00000000d8280000)
  to   space 4608K, 0% used [0x00000000d8380000,0x00000000d8380000,0x00000000d8800000)
 ParOldGen       total 63488K, used 5382K [0x0000000081600000, 0x0000000085400000, 0x00000000d5d00000)
  object space 63488K, 8% used [0x0000000081600000,0x0000000081b418d0,0x0000000085400000)
 Metaspace       used 17267K, capacity 17720K, committed 17792K, reserved 1073152K
  class space    used 2216K, capacity 2379K, committed 2432K, reserved 1048576K
}
Event: 1.142 GC heap before
{Heap before GC invocations=14 (full 7):
 PSYoungGen      total 38400K, used 64K [0x00000000d5d00000, 0x00000000d8800000, 0x0000000100000000)
  eden space 33280K, 0% used [0x00000000d5d00000,0x00000000d5d00000,0x00000000d7d80000)
  from space 5120K, 1% used [0x00000000d7d80000,0x00000000d7d90000,0x00000000d8280000)
  to   space 4608K, 0% used [0x00000000d8380000,0x00000000d8380000,0x00000000d8800000)
 ParOldGen       total 63488K, used 5382K [0x0000000081600000, 0x0000000085400000, 0x00000000d5d00000)
  object space 63488K, 8% used [0x0000000081600000,0x0000000081b418d0,0x0000000085400000)
 Metaspace       used 17267K, capacity 17720K, committed 17792K, reserved 1073152K
  class space    used 2216K, capacity 2379K, committed 2432K, reserved 1048576K

Deoptimization events (10 events):
Event: 0.399 Thread 0x000000001a7db000 Uncommon trap: reason=unstable_if action=reinterpret pc=0x00000000024e62fc method=java.util.Properties$LineReader.readLine()I @ 252
Event: 0.399 Thread 0x000000001a7db000 Uncommon trap: reason=unstable_if action=reinterpret pc=0x00000000024efb28 method=java.util.Properties.loadConvert([CII[C)Ljava/lang/String; @ 4
Event: 0.656 Thread 0x000000001a7db000 Uncommon trap: reason=unstable_if action=reinterpret pc=0x00000000025acff4 method=java.util.HashMap.getNode(ILjava/lang/Object;)Ljava/util/HashMap$Node; @ 62
Event: 0.686 Thread 0x000000001a7db000 Uncommon trap: reason=unstable_if action=reinterpret pc=0x00000000025b2d10 method=java.util.HashMap.getNode(ILjava/lang/Object;)Ljava/util/HashMap$Node; @ 84
Event: 0.818 Thread 0x000000001a7db000 Uncommon trap: reason=class_check action=maybe_recompile pc=0x00000000025fbbc4 method=java.util.HashMap.putVal(ILjava/lang/Object;Ljava/lang/Object;ZZ)Ljava/lang/Object; @ 253
Event: 0.818 Thread 0x000000001a7db000 Uncommon trap: reason=class_check action=maybe_recompile pc=0x00000000025fbbc4 method=java.util.HashMap.putVal(ILjava/lang/Object;Ljava/lang/Object;ZZ)Ljava/lang/Object; @ 253
Event: 0.818 Thread 0x000000001a7db000 Uncommon trap: reason=class_check action=maybe_recompile pc=0x00000000025fbbc4 method=java.util.HashMap.putVal(ILjava/lang/Object;Ljava/lang/Object;ZZ)Ljava/lang/Object; @ 253
Event: 0.818 Thread 0x000000001a7db000 Uncommon trap: reason=class_check action=maybe_recompile pc=0x00000000025fbbc4 method=java.util.HashMap.putVal(ILjava/lang/Object;Ljava/lang/Object;ZZ)Ljava/lang/Object; @ 253
Event: 1.002 Thread 0x000000001a7db000 Uncommon trap: reason=unstable_if action=reinterpret pc=0x0000000002642d94 method=java.util.HashMap.hash(Ljava/lang/Object;)I @ 1
Event: 1.002 Thread 0x000000001a7db000 Uncommon trap: reason=unstable_if action=reinterpret pc=0x0000000002606f30 method=java.util.HashMap.hash(Ljava/lang/Object;)I @ 1

Internal exceptions (10 events):
Event: 0.624 Thread 0x000000001a7db000 Exception <a 'java/lang/NullPointerException'> (0x00000000d5fcdea0) thrown at [C:\re\workspace\8-2-build-windows-amd64-cygwin\jdk8u101\7261\hotspot\src\share\vm\interpreter\linkResolver.cpp, line 1178]
Event: 0.624 Thread 0x000000001a7db000 Exception <a 'java/lang/NullPointerException'> (0x00000000d5fcdea0) thrown at [C:\re\workspace\8-2-build-windows-amd64-cygwin\jdk8u101\7261\hotspot\src\share\vm\prims\jvm.cpp, line 1390]
Event: 0.749 Thread 0x000000001a7db000 Exception <a 'java/lang/ArrayIndexOutOfBoundsException'> (0x00000000d65fc370) thrown at [C:\re\workspace\8-2-build-windows-amd64-cygwin\jdk8u101\7261\hotspot\src\share\vm\runtime\sharedRuntime.cpp, line 605]
Event: 0.749 Thread 0x000000001a7db000 Exception <a 'java/lang/ArrayIndexOutOfBoundsException'> (0x00000000d65fce88) thrown at [C:\re\workspace\8-2-build-windows-amd64-cygwin\jdk8u101\7261\hotspot\src\share\vm\runtime\sharedRuntime.cpp, line 605]
Event: 0.749 Thread 0x000000001a7db000 Exception <a 'java/lang/ArrayIndexOutOfBoundsException'> (0x00000000d65fe230) thrown at [C:\re\workspace\8-2-build-windows-amd64-cygwin\jdk8u101\7261\hotspot\src\share\vm\runtime\sharedRuntime.cpp, line 605]
Event: 1.002 Thread 0x000000001a7db000 Implicit null exception at 0x0000000002642b75 to 0x0000000002642d85
Event: 1.002 Thread 0x000000001a7db000 Implicit null exception at 0x0000000002606e98 to 0x0000000002606f26
Event: 1.095 Thread 0x000000001a7db000 Exception <a 'java/lang/OutOfMemoryError'> (0x0000000081602858) thrown at [C:\re\workspace\8-2-build-windows-amd64-cygwin\jdk8u101\7261\hotspot\src\share\vm\memory\metaspace.cpp, line 3569]
Event: 1.095 Thread 0x000000001a7db000 Exception <a 'java/lang/OutOfMemoryError'> (0x0000000081602858) thrown at [C:\re\workspace\8-2-build-windows-amd64-cygwin\jdk8u101\7261\hotspot\src\share\vm\prims\jvm.cpp, line 1390]
Event: 1.141 Thread 0x000000001ab37800 Exception <a 'java/lang/OutOfMemoryError'> (0x0000000081602a60) thrown at [C:\re\workspace\8-2-build-windows-amd64-cygwin\jdk8u101\7261\hotspot\src\share\vm\memory\metaspace.cpp, line 3569]

Events (10 events):
Event: 1.036 Executing VM operation: CollectForMetadataAllocation done
Event: 1.036 Executing VM operation: CollectForMetadataAllocation
Event: 1.095 Executing VM operation: CollectForMetadataAllocation done
Event: 1.096 loading class javafx/application/Application
Event: 1.096 loading class javafx/application/Application done
Event: 1.096 loading class javafx/application/Application
Event: 1.096 loading class javafx/application/Application done
Event: 1.096 Executing VM operation: CollectForMetadataAllocation
Event: 1.141 Executing VM operation: CollectForMetadataAllocation done
Event: 1.141 Executing VM operation: CollectForMetadataAllocation


Dynamic libraries:
0x000000013fd40000 - 0x000000013fd77000 	C:\Program Files\Java\jdk1.8.0_101\jre\bin\java.exe
0x0000000076e80000 - 0x0000000077029000 	C:\Windows\SYSTEM32\ntdll.dll
0x0000000076d60000 - 0x0000000076e7f000 	C:\Windows\system32\kernel32.dll
0x000007fefd090000 - 0x000007fefd0fc000 	C:\Windows\system32\KERNELBASE.dll
0x000007fefe4f0000 - 0x000007fefe5cb000 	C:\Windows\system32\ADVAPI32.dll
0x000007feff0f0000 - 0x000007feff18f000 	C:\Windows\system32\msvcrt.dll
0x000007fefeb80000 - 0x000007fefeb9f000 	C:\Windows\SYSTEM32\sechost.dll
0x000007fefee30000 - 0x000007fefef5d000 	C:\Windows\system32\RPCRT4.dll
0x0000000076c60000 - 0x0000000076d5a000 	C:\Windows\system32\USER32.dll
0x000007fefe480000 - 0x000007fefe4e7000 	C:\Windows\system32\GDI32.dll
0x000007fefef80000 - 0x000007fefef8e000 	C:\Windows\system32\LPK.dll
0x000007fefe7b0000 - 0x000007fefe879000 	C:\Windows\system32\USP10.dll
0x000007fefb9d0000 - 0x000007fefbbc4000 	C:\Windows\WinSxS\amd64_microsoft.windows.common-controls_6595b64144ccf1df_6.0.7601.17514_none_fa396087175ac9ac\COMCTL32.dll
0x000007fefeba0000 - 0x000007fefec11000 	C:\Windows\system32\SHLWAPI.dll
0x000007feff060000 - 0x000007feff08e000 	C:\Windows\system32\IMM32.DLL
0x000007fefe370000 - 0x000007fefe479000 	C:\Windows\system32\MSCTF.dll
0x0000000057160000 - 0x0000000057232000 	C:\Program Files\Java\jdk1.8.0_101\jre\bin\msvcr100.dll
0x0000000056100000 - 0x000000005699a000 	C:\Program Files\Java\jdk1.8.0_101\jre\bin\server\jvm.dll
0x000007fef7c60000 - 0x000007fef7c69000 	C:\Windows\system32\WSOCK32.dll
0x000007feff010000 - 0x000007feff05d000 	C:\Windows\system32\WS2_32.dll
0x000007fefe060000 - 0x000007fefe068000 	C:\Windows\system32\NSI.dll
0x000007fefa960000 - 0x000007fefa99b000 	C:\Windows\system32\WINMM.dll
0x000007fefbf10000 - 0x000007fefbf1c000 	C:\Windows\system32\VERSION.dll
0x0000000077050000 - 0x0000000077057000 	C:\Windows\system32\PSAPI.DLL
0x00000000594f0000 - 0x00000000594ff000 	C:\Program Files\Java\jdk1.8.0_101\jre\bin\verify.dll
0x0000000057e50000 - 0x0000000057e79000 	C:\Program Files\Java\jdk1.8.0_101\jre\bin\java.dll
0x0000000058400000 - 0x0000000058416000 	C:\Program Files\Java\jdk1.8.0_101\jre\bin\zip.dll
0x000007fefd1a0000 - 0x000007fefdf28000 	C:\Windows\system32\SHELL32.dll
0x000007fefec20000 - 0x000007fefee23000 	C:\Windows\system32\ole32.dll
0x000007fefcdd0000 - 0x000007fefcddf000 	C:\Windows\system32\profapi.dll
0x000007feda400000 - 0x000007feda4ef000 	C:\Program Files\Java\jdk1.8.0_101\jre\bin\msvcr120.dll
0x000007feda350000 - 0x000007feda3f6000 	C:\Program Files\Java\jdk1.8.0_101\jre\bin\msvcp120.dll
0x000000005ca10000 - 0x000000005ca32000 	C:\Program Files\Java\jdk1.8.0_101\jre\bin\prism_d3d.dll
0x000007feec7e0000 - 0x000007feec9df000 	C:\Windows\system32\d3d9.dll
0x000007feee5d0000 - 0x000007feee5d7000 	C:\Windows\system32\d3d8thk.dll
0x000007fefbec0000 - 0x000007fefbed8000 	C:\Windows\system32\dwmapi.dll
0x000007fefb7f0000 - 0x000007fefb846000 	C:\Windows\system32\uxtheme.dll
0x000007feee300000 - 0x000007feee46f000 	C:\Windows\system32\aticfx64.dll
0x000007fee1a80000 - 0x000007fee1aa1000 	C:\Windows\system32\atiu9p64.dll
0x000007fee1020000 - 0x000007fee1a7b000 	C:\Windows\system32\atiumd64.dll
0x000000005b940000 - 0x000000005c1e4000 	C:\Windows\system32\atiumd6a.dll
0x000007fefbee0000 - 0x000007fefbf0c000 	C:\Windows\system32\POWRPROF.dll
0x000007fefe5d0000 - 0x000007fefe7a7000 	C:\Windows\system32\SETUPAPI.dll
0x000007fefd140000 - 0x000007fefd176000 	C:\Windows\system32\CFGMGR32.dll
0x000007fefeaa0000 - 0x000007fefeb77000 	C:\Windows\system32\OLEAUT32.dll
0x000007fefd180000 - 0x000007fefd19a000 	C:\Windows\system32\DEVOBJ.dll
0x000000006cc00000 - 0x000000006cc43000 	C:\Program Files\Java\jdk1.8.0_101\jre\bin\glass.dll
0x000007fefe070000 - 0x000007fefe107000 	C:\Windows\system32\COMDLG32.dll
0x000007fedf6f0000 - 0x000007fedf71c000 	C:\PROGRA~2\RAPTRI~1\Raptr\ltc_help64-119906.dll
0x000007fefd100000 - 0x000007fefd13b000 	C:\Windows\system32\WINTRUST.dll
0x000007fefcf20000 - 0x000007fefd08d000 	C:\Windows\system32\CRYPT32.dll
0x000007fefce70000 - 0x000007fefce7f000 	C:\Windows\system32\MSASN1.dll
0x000007fefcd00000 - 0x000007fefcd0f000 	C:\Windows\system32\CRYPTBASE.dll
0x0000000057140000 - 0x000000005715a000 	C:\Program Files\Java\jdk1.8.0_101\jre\bin\net.dll
0x000007fefc600000 - 0x000007fefc655000 	C:\Windows\system32\mswsock.dll
0x000007fefc5f0000 - 0x000007fefc5f7000 	C:\Windows\System32\wship6.dll
0x0000000056f10000 - 0x00000000570a8000 	C:\Program Files\Java\jdk1.8.0_101\jre\bin\awt.dll
0x000000005ca50000 - 0x000000005ca64000 	C:\Program Files\Java\jdk1.8.0_101\jre\bin\javafx_font.dll
0x000007fee8900000 - 0x000007fee8a7e000 	C:\Windows\system32\dwrite.dll
0x000007fefc660000 - 0x000007fefc678000 	C:\Windows\system32\CRYPTSP.dll
0x000007fefc360000 - 0x000007fefc3a7000 	C:\Windows\system32\rsaenh.dll
0x000007fefc120000 - 0x000007fefc13e000 	C:\Windows\system32\USERENV.dll
0x000007fefa220000 - 0x000007fefa247000 	C:\Windows\system32\IPHLPAPI.DLL
0x000007fefa210000 - 0x000007fefa21b000 	C:\Windows\system32\WINNSI.DLL
0x000007fefa090000 - 0x000007fefa0a8000 	C:\Windows\system32\dhcpcsvc.DLL
0x000007fef9c90000 - 0x000007fef9ca1000 	C:\Windows\system32\dhcpcsvc6.DLL
0x0000000057120000 - 0x0000000057131000 	C:\Program Files\Java\jdk1.8.0_101\jre\bin\nio.dll

VM Arguments:
jvm_args: -Dfile.encoding=UTF-8 
java_command: C:\Users\ZIYAD\Documents\NetBeansProjects\General Store\dist\run1568755056\General_Store.jar
java_class_path (initial): C:\Users\ZIYAD\Documents\NetBeansProjects\General Store\dist\run1568755056\General_Store.jar
Launcher Type: SUN_STANDARD

Environment Variables:
JAVA_HOME=C:\Program Files\Java\jdk1.8.0_101
CLASSPATH=.;.;.;C:\PROGRA~2\JMF21~1.1E\lib\sound.jar;C:\PROGRA~2\JMF21~1.1E\lib\jmf.jar;C:\PROGRA~2\JMF21~1.1E\lib;
PATH=C:\Program Files (x86)\CodeBlocks\MinGW\bin;C:\Program Files\PHP\v5.3;C:\Program Files\Java\jdk1.8.0_101\bin;C:\ProgramData\Oracle\Java\javapath;C:\Windows\system32;C:\Windows;C:\Windows\System32\Wbem;C:\Windows\System32\WindowsPowerShell\v1.0\;C:\Program Files (x86)\AMD\ATI.ACE\Core-Static;C:\Program Files\MySQL\MySQL Utilities 1.6\;C:\Users\ZIYAD\Downloads\Maven\apache-maven-3.3.9\bin;C:\Program Files (x86)\WiX Toolset v3.7\bin;C:\Program Files (x86)\OpenVPN\bin;C:\Program Files\nodejs\;C:\opencv\build\bin;C:\Program Files\dotnet;C:\Users\ZIYAD\AppData\Local\atom\bin;C:\Users\ZIYAD\AppData\Roaming\npm;C:\Program Files\CMake\bin;C:\Program Files\Microsoft VS Code\bin;C:\Users\ZIYAD\AppData\Local\GitHubDesktop\bin
USERNAME=ZIYAD
OS=Windows_NT
PROCESSOR_IDENTIFIER=Intel64 Family 6 Model 60 Stepping 3, GenuineIntel



---------------  S Y S T E M  ---------------

OS: Windows 7 , 64 bit Build 7601 (6.1.7601.17617)

CPU:total 8 (4 cores per cpu, 2 threads per core) family 6 model 60 stepping 3, cmov, cx8, fxsr, mmx, sse, sse2, sse3, ssse3, sse4.1, sse4.2, popcnt, avx, avx2, aes, clmul, erms, rtm, lzcnt, ht, tsc, tscinvbit, bmi1, bmi2

Memory: 4k page, physical 8291236k(571388k free), swap 10463420k(5084k free)

vm_info: Java HotSpot(TM) 64-Bit Server VM (25.101-b13) for windows-amd64 JRE (1.8.0_101-b13), built on Jun 22 2016 01:21:29 by "java_re" with MS VC++ 10.0 (VS2010)

time: Mon Dec 04 22:56:37 2017
elapsed time: 1 seconds (0d 0h 0m 1s)

