#
# There is insufficient memory for the Java Runtime Environment to continue.
# Native memory allocation (malloc) failed to allocate 65552 bytes for Chunk::new
# Possible reasons:
#   The system is out of physical RAM or swap space
#   In 32 bit mode, the process size limit was hit
# Possible solutions:
#   Reduce memory load on the system
#   Increase physical memory or swap space
#   Check if swap backing store is full
#   Use 64 bit Java on a 64 bit OS
#   Decrease Java heap size (-Xmx/-Xms)
#   Decrease number of Java threads
#   Decrease Java thread stack sizes (-Xss)
#   Set larger code cache with -XX:ReservedCodeCacheSize=
# This output file may be truncated or incomplete.
#
#  Out of Memory Error (allocation.cpp:390), pid=5752, tid=0x0000000000001458
#
# JRE version: Java(TM) SE Runtime Environment (8.0_101-b13) (build 1.8.0_101-b13)
# Java VM: Java HotSpot(TM) 64-Bit Server VM (25.101-b13 mixed mode windows-amd64 compressed oops)
# Failed to write core dump. Minidumps are not enabled by default on client versions of Windows
#

---------------  T H R E A D  ---------------

Current thread (0x00000000187c5000):  JavaThread "C2 CompilerThread0" daemon [_thread_in_native, id=5208, stack(0x0000000019b10000,0x0000000019c10000)]

Stack: [0x0000000019b10000,0x0000000019c10000]
[error occurred during error reporting (printing stack bounds), id 0xc0000005]

Native frames: (J=compiled Java code, j=interpreted, Vv=VM code, C=native code)


Current CompileTask:
C2:  30332 6034       4       com.sun.javafx.css.StyleClassSet::getStyleClass (148 bytes)


---------------  P R O C E S S  ---------------

Java Threads: ( => current thread )
  0x000000001ac6a800 JavaThread "D3D Screen Updater" daemon [_thread_blocked, id=3008, stack(0x0000000031c40000,0x0000000031d40000)]
  0x000000001ac69800 JavaThread "AWT-EventQueue-0" [_thread_blocked, id=6624, stack(0x0000000031500000,0x0000000031600000)]
  0x000000001ac6b000 JavaThread "AWT-Shutdown" [_thread_blocked, id=7984, stack(0x00000000301d0000,0x00000000302d0000)]
  0x000000001ac6c800 JavaThread "Image Fetcher 0" daemon [_thread_blocked, id=7648, stack(0x00000000300a0000,0x00000000301a0000)]
  0x000000001ac68000 JavaThread "Prism Font Disposer" daemon [_thread_blocked, id=9228, stack(0x000000001eb00000,0x000000001ec00000)]
  0x000000001abb4800 JavaThread "AWT-Windows" daemon [_thread_in_native, id=9208, stack(0x000000001ec00000,0x000000001ed00000)]
  0x000000001abb3000 JavaThread "Java2D Disposer" daemon [_thread_blocked, id=9556, stack(0x000000001e430000,0x000000001e530000)]
  0x000000001a881800 JavaThread "Abandoned connection cleanup thread" daemon [_thread_blocked, id=8692, stack(0x000000001d7e0000,0x000000001d8e0000)]
  0x000000001a987800 JavaThread "Thread-3" daemon [_thread_in_native, id=9696, stack(0x000000001e1b0000,0x000000001e2b0000)]
  0x000000001a854800 JavaThread "JavaFX-Launcher" [_thread_blocked, id=9920, stack(0x000000001e320000,0x000000001e420000)]
  0x000000001a81c800 JavaThread "JavaFX Application Thread" [_thread_in_native, id=2628, stack(0x000000001b840000,0x000000001b940000)]
  0x000000001a818000 JavaThread "Thread-1" daemon [_thread_blocked, id=9076, stack(0x000000001b6c0000,0x000000001b7c0000)]
  0x000000001a7f5800 JavaThread "QuantumRenderer-0" daemon [_thread_blocked, id=8380, stack(0x000000001af40000,0x000000001b040000)]
  0x0000000018861000 JavaThread "Service Thread" daemon [_thread_blocked, id=10096, stack(0x000000001a3f0000,0x000000001a4f0000)]
  0x00000000187d7000 JavaThread "C1 CompilerThread3" daemon [_thread_blocked, id=2552, stack(0x0000000019fe0000,0x000000001a0e0000)]
  0x00000000187d4800 JavaThread "C2 CompilerThread2" daemon [_thread_blocked, id=2732, stack(0x000000001a2d0000,0x000000001a3d0000)]
  0x00000000187cc800 JavaThread "C2 CompilerThread1" daemon [_thread_blocked, id=9064, stack(0x000000001a0e0000,0x000000001a1e0000)]
=>0x00000000187c5000 JavaThread "C2 CompilerThread0" daemon [_thread_in_native, id=5208, stack(0x0000000019b10000,0x0000000019c10000)]
  0x00000000187c4000 JavaThread "Attach Listener" daemon [_thread_blocked, id=6792, stack(0x0000000019ed0000,0x0000000019fd0000)]
  0x00000000187c2800 JavaThread "Signal Dispatcher" daemon [_thread_blocked, id=9580, stack(0x0000000019c70000,0x0000000019d70000)]
  0x0000000017602000 JavaThread "Finalizer" daemon [_thread_blocked, id=7016, stack(0x0000000019a10000,0x0000000019b10000)]
  0x00000000175fb000 JavaThread "Reference Handler" daemon [_thread_blocked, id=9420, stack(0x0000000019720000,0x0000000019820000)]
  0x0000000001cce800 JavaThread "main" [_thread_blocked, id=3048, stack(0x0000000002090000,0x0000000002190000)]

Other Threads:
  0x00000000175f2800 VMThread [stack: 0x0000000019830000,0x0000000019930000] [id=9008]
  0x000000001881f800 WatcherThread [stack: 0x000000001a600000,0x000000001a700000] [id=9764]

VM state:not at safepoint (normal execution)

VM Mutex/Monitor currently owned by a thread: None

Heap:
 PSYoungGen      total 67584K, used 53760K [0x00000000d5d00000, 0x00000000dc280000, 0x0000000100000000)
  eden space 53760K, 100% used [0x00000000d5d00000,0x00000000d9180000,0x00000000d9180000)
  from space 13824K, 0% used [0x00000000d9f00000,0x00000000d9f00000,0x00000000dac80000)
  to   space 13824K, 0% used [0x00000000d9180000,0x00000000d9180000,0x00000000d9f00000)
 ParOldGen       total 93184K, used 20957K [0x0000000081600000, 0x0000000087100000, 0x00000000d5d00000)
  object space 93184K, 22% used [0x0000000081600000,0x0000000082a77450,0x0000000087100000)
 Metaspace       used 45771K, capacity 47456K, committed 47616K, reserved 1091584K
  class space    used 6010K, capacity 6331K, committed 6400K, reserved 1048576K

Card table byte_map: [0x0000000011820000,0x0000000011c20000] byte_map_base: 0x0000000011415000

Marking Bits: (ParMarkBitMap*) 0x000000005691a6d0
 Begin Bits: [0x00000000128c0000, 0x0000000014868000)
 End Bits:   [0x0000000014868000, 0x0000000016810000)

Polling page: 0x00000000000b0000

CodeCache: size=245760Kb used=15930Kb max_used=16332Kb free=229829Kb
 bounds [0x0000000002460000, 0x00000000034b0000, 0x0000000011460000]
 total_blobs=6254 nmethods=5268 adapters=897
 compilation: enabled

Compilation events (10 events):
Event: 30.317 Thread 0x00000000187d7000 nmethod 6036 0x0000000002af0490 code [0x0000000002af0600, 0x0000000002af0950]
Event: 30.317 Thread 0x00000000187d7000 6037       3       javafx.scene.control.Labeled$StyleableProperties$11::isSettable (9 bytes)
Event: 30.318 Thread 0x00000000187d7000 nmethod 6037 0x0000000002aefcd0 code [0x0000000002aefe60, 0x0000000002af0308]
Event: 30.318 Thread 0x00000000187d7000 6038       3       javafx.scene.control.Labeled$StyleableProperties$11::isSettable (23 bytes)
Event: 30.318 Thread 0x00000000187d7000 nmethod 6038 0x0000000002aef790 code [0x0000000002aef900, 0x0000000002aefbe8]
Event: 30.318 Thread 0x00000000187d7000 6039       3       javafx.scene.control.Labeled$StyleableProperties$7::isSettable (9 bytes)
Event: 30.318 Thread 0x00000000187d7000 nmethod 6039 0x0000000002aeef50 code [0x0000000002aef0e0, 0x0000000002aef610]
Event: 30.318 Thread 0x00000000187d7000 6040       3       javafx.scene.control.Labeled$StyleableProperties$7::isSettable (23 bytes)
Event: 30.318 Thread 0x00000000187d7000 nmethod 6040 0x0000000002aee990 code [0x0000000002aeeb00, 0x0000000002aeee50]
Event: 30.320 Thread 0x00000000187cc800 nmethod 6041 0x0000000002aeb0d0 code [0x0000000002aeb240, 0x0000000002aeb5d8]

GC Heap History (10 events):
Event: 3.219 GC heap before
{Heap before GC invocations=4 (full 1):
 PSYoungGen      total 38400K, used 33280K [0x00000000d5d00000, 0x00000000da800000, 0x0000000100000000)
  eden space 33280K, 100% used [0x00000000d5d00000,0x00000000d7d80000,0x00000000d7d80000)
  from space 5120K, 0% used [0x00000000d8280000,0x00000000d8280000,0x00000000d8780000)
  to   space 5120K, 0% used [0x00000000d7d80000,0x00000000d7d80000,0x00000000d8280000)
 ParOldGen       total 66560K, used 7210K [0x0000000081600000, 0x0000000085700000, 0x00000000d5d00000)
  object space 66560K, 10% used [0x0000000081600000,0x0000000081d0a968,0x0000000085700000)
 Metaspace       used 24471K, capacity 25850K, committed 25984K, reserved 1071104K
  class space    used 3357K, capacity 3638K, committed 3712K, reserved 1048576K
Event: 3.233 GC heap after
Heap after GC invocations=4 (full 1):
 PSYoungGen      total 38400K, used 4708K [0x00000000d5d00000, 0x00000000d9080000, 0x0000000100000000)
  eden space 33280K, 0% used [0x00000000d5d00000,0x00000000d5d00000,0x00000000d7d80000)
  from space 5120K, 91% used [0x00000000d7d80000,0x00000000d8219218,0x00000000d8280000)
  to   space 5120K, 0% used [0x00000000d8b80000,0x00000000d8b80000,0x00000000d9080000)
 ParOldGen       total 66560K, used 9578K [0x0000000081600000, 0x0000000085700000, 0x00000000d5d00000)
  object space 66560K, 14% used [0x0000000081600000,0x0000000081f5a988,0x0000000085700000)
 Metaspace       used 24471K, capacity 25850K, committed 25984K, reserved 1071104K
  class space    used 3357K, capacity 3638K, committed 3712K, reserved 1048576K
}
Event: 26.963 GC heap before
{Heap before GC invocations=5 (full 1):
 PSYoungGen      total 38400K, used 37988K [0x00000000d5d00000, 0x00000000d9080000, 0x0000000100000000)
  eden space 33280K, 100% used [0x00000000d5d00000,0x00000000d7d80000,0x00000000d7d80000)
  from space 5120K, 91% used [0x00000000d7d80000,0x00000000d8219218,0x00000000d8280000)
  to   space 5120K, 0% used [0x00000000d8b80000,0x00000000d8b80000,0x00000000d9080000)
 ParOldGen       total 66560K, used 9578K [0x0000000081600000, 0x0000000085700000, 0x00000000d5d00000)
  object space 66560K, 14% used [0x0000000081600000,0x0000000081f5a988,0x0000000085700000)
 Metaspace       used 29617K, capacity 31190K, committed 31360K, reserved 1077248K
  class space    used 4056K, capacity 4354K, committed 4480K, reserved 1048576K
Event: 26.971 GC heap after
Heap after GC invocations=5 (full 1):
 PSYoungGen      total 46080K, used 5088K [0x00000000d5d00000, 0x00000000d9080000, 0x0000000100000000)
  eden space 40960K, 0% used [0x00000000d5d00000,0x00000000d5d00000,0x00000000d8500000)
  from space 5120K, 99% used [0x00000000d8b80000,0x00000000d9078040,0x00000000d9080000)
  to   space 5120K, 0% used [0x00000000d8680000,0x00000000d8680000,0x00000000d8b80000)
 ParOldGen       total 66560K, used 18527K [0x0000000081600000, 0x0000000085700000, 0x00000000d5d00000)
  object space 66560K, 27% used [0x0000000081600000,0x0000000082817e50,0x0000000085700000)
 Metaspace       used 29617K, capacity 31190K, committed 31360K, reserved 1077248K
  class space    used 4056K, capacity 4354K, committed 4480K, reserved 1048576K
}
Event: 27.315 GC heap before
{Heap before GC invocations=6 (full 1):
 PSYoungGen      total 46080K, used 46048K [0x00000000d5d00000, 0x00000000d9080000, 0x0000000100000000)
  eden space 40960K, 100% used [0x00000000d5d00000,0x00000000d8500000,0x00000000d8500000)
  from space 5120K, 99% used [0x00000000d8b80000,0x00000000d9078040,0x00000000d9080000)
  to   space 5120K, 0% used [0x00000000d8680000,0x00000000d8680000,0x00000000d8b80000)
 ParOldGen       total 66560K, used 18527K [0x0000000081600000, 0x0000000085700000, 0x00000000d5d00000)
  object space 66560K, 27% used [0x0000000081600000,0x0000000082817e50,0x0000000085700000)
 Metaspace       used 33617K, capacity 35106K, committed 35328K, reserved 1079296K
  class space    used 4523K, capacity 4804K, committed 4864K, reserved 1048576K
Event: 27.323 GC heap after
Heap after GC invocations=6 (full 1):
 PSYoungGen      total 47616K, used 5088K [0x00000000d5d00000, 0x00000000dac80000, 0x0000000100000000)
  eden space 42496K, 0% used [0x00000000d5d00000,0x00000000d5d00000,0x00000000d8680000)
  from space 5120K, 99% used [0x00000000d8680000,0x00000000d8b78040,0x00000000d8b80000)
  to   space 13824K, 0% used [0x00000000d9f00000,0x00000000d9f00000,0x00000000dac80000)
 ParOldGen       total 66560K, used 22843K [0x0000000081600000, 0x0000000085700000, 0x00000000d5d00000)
  object space 66560K, 34% used [0x0000000081600000,0x0000000082c4ec98,0x0000000085700000)
 Metaspace       used 33617K, capacity 35106K, committed 35328K, reserved 1079296K
  class space    used 4523K, capacity 4804K, committed 4864K, reserved 1048576K
}
Event: 27.331 GC heap before
{Heap before GC invocations=7 (full 1):
 PSYoungGen      total 47616K, used 5987K [0x00000000d5d00000, 0x00000000dac80000, 0x0000000100000000)
  eden space 42496K, 2% used [0x00000000d5d00000,0x00000000d5de0d80,0x00000000d8680000)
  from space 5120K, 99% used [0x00000000d8680000,0x00000000d8b78040,0x00000000d8b80000)
  to   space 13824K, 0% used [0x00000000d9f00000,0x00000000d9f00000,0x00000000dac80000)
 ParOldGen       total 66560K, used 22843K [0x0000000081600000, 0x0000000085700000, 0x00000000d5d00000)
  object space 66560K, 34% used [0x0000000081600000,0x0000000082c4ec98,0x0000000085700000)
 Metaspace       used 33880K, capacity 35330K, committed 35416K, reserved 1079296K
  class space    used 4547K, capacity 4836K, committed 4864K, reserved 1048576K
Event: 27.335 GC heap after
Heap after GC invocations=7 (full 1):
 PSYoungGen      total 67584K, used 5474K [0x00000000d5d00000, 0x00000000dc280000, 0x0000000100000000)
  eden space 53760K, 0% used [0x00000000d5d00000,0x00000000d5d00000,0x00000000d9180000)
  from space 13824K, 39% used [0x00000000d9f00000,0x00000000da458b88,0x00000000dac80000)
  to   space 13824K, 0% used [0x00000000d9180000,0x00000000d9180000,0x00000000d9f00000)
 ParOldGen       total 66560K, used 22843K [0x0000000081600000, 0x0000000085700000, 0x00000000d5d00000)
  object space 66560K, 34% used [0x0000000081600000,0x0000000082c4ec98,0x0000000085700000)
 Metaspace       used 33880K, capacity 35330K, committed 35416K, reserved 1079296K
  class space    used 4547K, capacity 4836K, committed 4864K, reserved 1048576K
}
Event: 27.336 GC heap before
{Heap before GC invocations=8 (full 2):
 PSYoungGen      total 67584K, used 5474K [0x00000000d5d00000, 0x00000000dc280000, 0x0000000100000000)
  eden space 53760K, 0% used [0x00000000d5d00000,0x00000000d5d00000,0x00000000d9180000)
  from space 13824K, 39% used [0x00000000d9f00000,0x00000000da458b88,0x00000000dac80000)
  to   space 13824K, 0% used [0x00000000d9180000,0x00000000d9180000,0x00000000d9f00000)
 ParOldGen       total 66560K, used 22843K [0x0000000081600000, 0x0000000085700000, 0x00000000d5d00000)
  object space 66560K, 34% used [0x0000000081600000,0x0000000082c4ec98,0x0000000085700000)
 Metaspace       used 33880K, capacity 35330K, committed 35416K, reserved 1079296K
  class space    used 4547K, capacity 4836K, committed 4864K, reserved 1048576K
Event: 27.395 GC heap after
Heap after GC invocations=8 (full 2):
 PSYoungGen      total 67584K, used 0K [0x00000000d5d00000, 0x00000000dc280000, 0x0000000100000000)
  eden space 53760K, 0% used [0x00000000d5d00000,0x00000000d5d00000,0x00000000d9180000)
  from space 13824K, 0% used [0x00000000d9f00000,0x00000000d9f00000,0x00000000dac80000)
  to   space 13824K, 0% used [0x00000000d9180000,0x00000000d9180000,0x00000000d9f00000)
 ParOldGen       total 93184K, used 20957K [0x0000000081600000, 0x0000000087100000, 0x00000000d5d00000)
  object space 93184K, 22% used [0x0000000081600000,0x0000000082a77450,0x0000000087100000)
 Metaspace       used 33880K, capacity 35330K, committed 35416K, reserved 1079296K
  class space    used 4547K, capacity 4836K, committed 4864K, reserved 1048576K
}

Deoptimization events (10 events):
Event: 28.116 Thread 0x000000001a81c800 Uncommon trap: reason=unstable_if action=reinterpret pc=0x0000000002ca6a7c method=java.lang.CharacterDataLatin1.isWhitespace(I)Z @ 14
Event: 28.152 Thread 0x000000001a81c800 Uncommon trap: reason=unstable_if action=reinterpret pc=0x000000000286f568 method=sun.reflect.misc.ReflectUtil.isNonPublicProxyClass(Ljava/lang/Class;)Z @ 14
Event: 28.176 Thread 0x000000001a81c800 Uncommon trap: reason=unstable_if action=reinterpret pc=0x000000000317c580 method=java.util.concurrent.locks.ReentrantLock$Sync.tryRelease(I)Z @ 28
Event: 28.191 Thread 0x000000001a81c800 Uncommon trap: reason=bimorphic action=maybe_recompile pc=0x00000000027f86fc method=java.util.HashMap.putVal(ILjava/lang/Object;Ljava/lang/Object;ZZ)Ljava/lang/Object; @ 203
Event: 28.191 Thread 0x000000001a81c800 Uncommon trap: reason=bimorphic action=maybe_recompile pc=0x00000000027f86fc method=java.util.HashMap.putVal(ILjava/lang/Object;Ljava/lang/Object;ZZ)Ljava/lang/Object; @ 203
Event: 28.194 Thread 0x000000001a81c800 Uncommon trap: reason=bimorphic action=maybe_recompile pc=0x00000000027f86fc method=java.util.HashMap.putVal(ILjava/lang/Object;Ljava/lang/Object;ZZ)Ljava/lang/Object; @ 203
Event: 28.194 Thread 0x000000001a81c800 Uncommon trap: reason=bimorphic action=maybe_recompile pc=0x00000000027f86fc method=java.util.HashMap.putVal(ILjava/lang/Object;Ljava/lang/Object;ZZ)Ljava/lang/Object; @ 203
Event: 28.543 Thread 0x000000001a81c800 Uncommon trap: reason=unstable_if action=reinterpret pc=0x0000000002746fa4 method=java.lang.CharacterDataLatin1.digit(II)I @ 60
Event: 28.568 Thread 0x000000001a81c800 Uncommon trap: reason=bimorphic action=maybe_recompile pc=0x0000000002f1378c method=javafx.scene.Node.updateLocalToParentTransform()V @ 327
Event: 28.700 Thread 0x000000001ac6a800 Uncommon trap: reason=unstable_if action=reinterpret pc=0x00000000031e22b8 method=java.util.concurrent.locks.ReentrantLock$Sync.tryRelease(I)Z @ 28

Internal exceptions (10 events):
Event: 27.204 Thread 0x000000001a81c800 Exception <a 'java/lang/ClassNotFoundException': java/lang/ObjectBeanInfo> (0x00000000d71cdee0) thrown at [C:\re\workspace\8-2-build-windows-amd64-cygwin\jdk8u101\7261\hotspot\src\share\vm\classfile\systemDictionary.cpp, line 210]
Event: 27.204 Thread 0x000000001a81c800 Exception <a 'java/lang/ClassNotFoundException': java/lang/ObjectCustomizer> (0x00000000d71d0da8) thrown at [C:\re\workspace\8-2-build-windows-amd64-cygwin\jdk8u101\7261\hotspot\src\share\vm\classfile\systemDictionary.cpp, line 210]
Event: 27.208 Thread 0x000000001a81c800 Exception <a 'java/lang/ClassNotFoundException': net/sf/jasperreports/engine/base/JRBaseElementCustomizer> (0x00000000d71deeb8) thrown at [C:\re\workspace\8-2-build-windows-amd64-cygwin\jdk8u101\7261\hotspot\src\share\vm\classfile\systemDictionary.cpp, linŒnÑ	Í5;@
Event: 27.211 Thread 0x000000001a81c800 Exception <a 'java/lang/ClassNotFoundException': net/sf/jasperreports/engine/design/JRDesignElementCustomizer> (0x00000000d7240ce8) thrown at [C:\re\workspace\8-2-build-windows-amd64-cygwin\jdk8u101\7261\hotspot\src\share\vm\classfile\systemDictionary.cpp,—x∆◊%6;@
Event: 27.212 Thread 0x000000001a81c800 Exception <a 'java/lang/ClassNotFoundException': net/sf/jasperreports/engine/design/JRDesignTextElementCustomizer> (0x00000000d7266990) thrown at [C:\re\workspace\8-2-build-windows-amd64-cygwin\jdk8u101\7261\hotspot\src\share\vm\classfile\systemDictionary.Ã97≤ı6;@
Event: 27.215 Thread 0x000000001a81c800 Exception <a 'java/lang/ClassNotFoundException': net/sf/jasperreports/engine/design/JRDesignStaticTextCustomizer> (0x00000000d72d02e0) thrown at [C:\re\workspace\8-2-build-windows-amd64-cygwin\jdk8u101\7261\hotspot\src\share\vm\classfile\systemDictionary.cuî"Cùu;@
Event: 27.459 Thread 0x000000001a81c800 Exception <a 'java/lang/ArrayIndexOutOfBoundsException': 15420> (0x00000000d642a250) thrown at [C:\re\workspace\8-2-build-windows-amd64-cygwin\jdk8u101\7261\hotspot\src\share\vm\interpreter\interpreterRuntime.cpp, line 366]
Event: 27.473 Thread 0x000000001a81c800 Exception <a 'java/lang/ArrayIndexOutOfBoundsException': 8463> (0x00000000d648bcd0) thrown at [C:\re\workspace\8-2-build-windows-amd64-cygwin\jdk8u101\7261\hotspot\src\share\vm\interpreter\interpreterRuntime.cpp, line 366]
Event: 27.474 Thread 0x000000001a81c800 Exception <a 'java/lang/ArrayIndexOutOfBoundsException': 8454> (0x00000000d64ba050) thrown at [C:\re\workspace\8-2-build-windows-amd64-cygwin\jdk8u101\7261\hotspot\src\share\vm\interpreter\interpreterRuntime.cpp, line 366]
Event: 28.123 Thread 0x000000001a81c800 Exception <a 'java/lang/ClassNotFoundException': sun/net/www/protocol/c/Handler> (0x00000000d789b440) thrown at [C:\re\workspace\8-2-build-windows-amd64-cygwin\jdk8u101\7261\hotspot\src\share\vm\classfile\systemDictionary.cpp, line 210]

Events (10 events):
Event: 28.675 Executing VM operation: RevokeBias done
Event: 28.675 Executing VM operation: RevokeBias
Event: 28.675 Executing VM operation: RevokeBias done
Event: 28.675 Executing VM operation: RevokeBias
Event: 28.675 Executing VM operation: RevokeBias done
Event: 28.675 Executing VM operation: RevokeBias
Event: 28.675 Executing VM operation: RevokeBias done
Event: 28.700 Thread 0x000000001ac6a800 Uncommon trap: trap_request=0xffffff65 fr.pc=0x00000000031e22b8
Event: 28.700 Thread 0x000000001ac6a800 DEOPT PACKING pc=0x00000000031e22b8 sp=0x0000000031d3f090
Event: 28.700 Thread 0x000000001ac6a800 DEOPT UNPACKING pc=0x00000000024a582a sp=0x0000000031d3efc0 mode 2


Dynamic libraries:
0x000000013f650000 - 0x000000013f687000 	C:\Program Files\Java\jdk1.8.0_101\jre\bin\java.exe
0x0000000076e80000 - 0x0000000077029000 	C:\Windows\SYSTEM32\ntdll.dll
0x0000000076d60000 - 0x0000000076e7f000 	C:\Windows\system32\kernel32.dll
0x000007fefd090000 - 0x000007fefd0fc000 	C:\Windows\system32\KERNELBASE.dll
0x000007fefe4f0000 - 0x000007fefe5cb000 	C:\Windows\system32\ADVAPI32.dll
0x000007feff0f0000 - 0x000007feff18f000 	C:\Windows\system32\msvcrt.dll
0x000007fefeb80000 - 0x000007fefeb9f000 	C:\Windows\SYSTEM32\sechost.dll
0x000007fefee30000 - 0x000007fefef5d000 	C:\Windows\system32\RPCRT4.dll
0x0000000076c60000 - 0x0000000076d5a000 	C:\Windows\system32\USER32.dll
0x000007fefe480000 - 0x000007fefe4e7000 	C:\Windows\system32\GDI32.dll
0x000007fefef80000 - 0x000007fefef8e000 	C:\Windows\system32\LPK.dll
0x000007fefe7b0000 - 0x000007fefe879000 	C:\Windows\system32\USP10.dll
0x000007fefb9d0000 - 0x000007fefbbc4000 	C:\Windows\WinSxS\amd64_microsoft.windows.common-controls_6595b64144ccf1df_6.0.7601.17514_none_fa396087175ac9ac\COMCTL32.dll
0x000007fefeba0000 - 0x000007fefec11000 	C:\Windows\system32\SHLWAPI.dll
0x000007feff060000 - 0x000007feff08e000 	C:\Windows\system32\IMM32.DLL
0x000007fefe370000 - 0x000007fefe479000 	C:\Windows\system32\MSCTF.dll
0x0000000057160000 - 0x0000000057232000 	C:\Program Files\Java\jdk1.8.0_101\jre\bin\msvcr100.dll
0x0000000056100000 - 0x000000005699a000 	C:\Program Files\Java\jdk1.8.0_101\jre\bin\server\jvm.dll
0x000007fef7c60000 - 0x000007fef7c69000 	C:\Windows\system32\WSOCK32.dll
0x000007feff010000 - 0x000007feff05d000 	C:\Windows\system32\WS2_32.dll
0x000007fefe060000 - 0x000007fefe068000 	C:\Windows\system32\NSI.dll
0x000007fefa960000 - 0x000007fefa99b000 	C:\Windows\system32\WINMM.dll
0x000007fefbf10000 - 0x000007fefbf1c000 	C:\Windows\system32\VERSION.dll
0x0000000077050000 - 0x0000000077057000 	C:\Windows\system32\PSAPI.DLL
0x00000000594f0000 - 0x00000000594ff000 	C:\Program Files\Java\jdk1.8.0_101\jre\bin\verify.dll
0x0000000057e50000 - 0x0000000057e79000 	C:\Program Files\Java\jdk1.8.0_101\jre\bin\java.dll
0x0000000058400000 - 0x0000000058416000 	C:\Program Files\Java\jdk1.8.0_101\jre\bin\zip.dll
0x000007fefd1a0000 - 0x000007fefdf28000 	C:\Windows\system32\SHELL32.dll
0x000007fefec20000 - 0x000007fefee23000 	C:\Windows\system32\ole32.dll
0x000007fefcdd0000 - 0x000007fefcddf000 	C:\Windows\system32\profapi.dll
0x000007feda400000 - 0x000007feda4ef000 	C:\Program Files\Java\jdk1.8.0_101\jre\bin\msvcr120.dll
0x000007feda350000 - 0x000007feda3f6000 	C:\Program Files\Java\jdk1.8.0_101\jre\bin\msvcp120.dll
0x000000005ca10000 - 0x000000005ca32000 	C:\Program Files\Java\jdk1.8.0_101\jre\bin\prism_d3d.dll
0x000007feec7e0000 - 0x000007feec9df000 	C:\Windows\system32\d3d9.dll
0x000007feee5d0000 - 0x000007feee5d7000 	C:\Windows\system32\d3d8thk.dll
0x000007fefbec0000 - 0x000007fefbed8000 	C:\Windows\system32\dwmapi.dll
0x000007fefb7f0000 - 0x000007fefb846000 	C:\Windows\system32\uxtheme.dll
0x000007feee300000 - 0x000007feee46f000 	C:\Windows\system32\aticfx64.dll
0x000007fee1a80000 - 0x000007fee1aa1000 	C:\Windows\system32\atiu9p64.dll
0x000007fee1020000 - 0x000007fee1a7b000 	C:\Windows\system32\atiumd64.dll
0x000000005b940000 - 0x000000005c1e4000 	C:\Windows\system32\atiumd6a.dll
0x000007fefbee0000 - 0x000007fefbf0c000 	C:\Windows\system32\POWRPROF.dll
0x000007fefe5d0000 - 0x000007fefe7a7000 	C:\Windows\system32\SETUPAPI.dll
0x000007fefd140000 - 0x000007fefd176000 	C:\Windows\system32\CFGMGR32.dll
0x000007fefeaa0000 - 0x000007fefeb77000 	C:\Windows\system32\OLEAUT32.dll
0x000007fefd180000 - 0x000007fefd19a000 	C:\Windows\system32\DEVOBJ.dll
0x0000000052610000 - 0x0000000052653000 	C:\Program Files\Java\jdk1.8.0_101\jre\bin\glass.dll
0x000007fefe070000 - 0x000007fefe107000 	C:\Windows\system32\COMDLG32.dll
0x000007fedf6f0000 - 0x000007fedf71c000 	C:\PROGRA~2\RAPTRI~1\Raptr\ltc_help64-119906.dll
0x000007fefd100000 - 0x000007fefd13b000 	C:\Windows\system32\WINTRUST.dll
0x000007fefcf20000 - 0x000007fefd08d000 	C:\Windows\system32\CRYPT32.dll
0x000007fefce70000 - 0x000007fefce7f000 	C:\Windows\system32\MSASN1.dll
0x000007fefcd00000 - 0x000007fefcd0f000 	C:\Windows\system32\CRYPTBASE.dll
0x0000000057140000 - 0x000000005715a000 	C:\Program Files\Java\jdk1.8.0_101\jre\bin\net.dll
0x000007fefc600000 - 0x000007fefc655000 	C:\Windows\system32\mswsock.dll
0x000007fefc5f0000 - 0x000007fefc5f7000 	C:\Windows\System32\wship6.dll
0x0000000056f10000 - 0x00000000570a8000 	C:\Program Files\Java\jdk1.8.0_101\jre\bin\awt.dll
0x000000005ca50000 - 0x000000005ca64000 	C:\Program Files\Java\jdk1.8.0_101\jre\bin\javafx_font.dll
0x000007fee8900000 - 0x000007fee8a7e000 	C:\Windows\system32\dwrite.dll
0x000007fefc660000 - 0x000007fefc678000 	C:\Windows\system32\CRYPTSP.dll
0x000007fefc360000 - 0x000007fefc3a7000 	C:\Windows\system32\rsaenh.dll
0x000007fefc120000 - 0x000007fefc13e000 	C:\Windows\system32\USERENV.dll
0x000007fefa220000 - 0x000007fefa247000 	C:\Windows\system32\IPHLPAPI.DLL
0x000007fefa210000 - 0x000007fefa21b000 	C:\Windows\system32\WINNSI.DLL
0x000007fefa090000 - 0x000007fefa0a8000 	C:\Windows\system32\dhcpcsvc.DLL
0x000007fef9c90000 - 0x000007fef9ca1000 	C:\Windows\system32\dhcpcsvc6.DLL
0x0000000057120000 - 0x0000000057131000 	C:\Program Files\Java\jdk1.8.0_101\jre\bin\nio.dll
0x000007fefe880000 - 0x000007fefe919000 	C:\Windows\system32\CLBCatQ.DLL
0x000007fefaff0000 - 0x000007fefb11a000 	C:\Windows\system32\WindowsCodecs.dll
0x000007fefcc60000 - 0x000007fefccb7000 	C:\Windows\system32\apphelp.dll
0x000007feee4b0000 - 0x000007feee570000 	C:\Program Files (x86)\Google\Drive\googledrivesync64.dll
0x0000000061ee0000 - 0x0000000061fb3000 	C:\Program Files (x86)\Google\Drive\Microsoft.VC90.CRT\MSVCP90.dll
0x0000000061e30000 - 0x0000000061ed3000 	C:\Program Files (x86)\Google\Drive\Microsoft.VC90.CRT\MSVCR90.dll
0x000007feed7a0000 - 0x000007feed7d5000 	C:\Windows\system32\EhStorShell.dll
0x000007fefb850000 - 0x000007fefb97c000 	C:\Windows\system32\PROPSYS.dll
0x000007feed720000 - 0x000007feed79e000 	C:\Windows\System32\cscui.dll
0x000007feee5a0000 - 0x000007feee5ac000 	C:\Windows\System32\CSCDLL.dll
0x000007fef0280000 - 0x000007fef028f000 	C:\Windows\system32\CSCAPI.dll
0x000007feee660000 - 0x000007feee6e0000 	C:\Windows\system32\ntshrui.dll
0x000007fefc870000 - 0x000007fefc893000 	C:\Windows\system32\srvcli.dll
0x000007fefa7b0000 - 0x000007fefa7bb000 	C:\Windows\system32\slc.dll
0x000007feda550000 - 0x000007feda57d000 	C:\Program Files\Common Files\Microsoft Shared\Ink\rtscom.dll
0x000000005c9f0000 - 0x000000005ca01000 	C:\Program Files\Java\jdk1.8.0_101\jre\bin\prism_common.dll
0x000007fecca90000 - 0x000007feccb72000 	C:\Windows\system32\d2d1.dll
0x000007feeea20000 - 0x000007feeea54000 	C:\Windows\system32\d3d10_1.dll
0x000007feee9c0000 - 0x000007feeea15000 	C:\Windows\system32\d3d10_1core.dll
0x000007feee910000 - 0x000007feee9b7000 	C:\Windows\system32\dxgi.dll
0x000007fecb5a0000 - 0x000007fecb770000 	C:\Windows\system32\D3D10Warp.dll
0x0000000056ec0000 - 0x0000000056f07000 	C:\Program Files\Java\jdk1.8.0_101\jre\bin\fontmanager.dll
0x0000000056e70000 - 0x0000000056eb2000 	C:\Program Files\Java\jdk1.8.0_101\jre\bin\t2k.dll

VM Arguments:
jvm_args: -Dfile.encoding=UTF-8 
java_command: C:\Users\ZIYAD\Documents\NetBeansProjects\General Store\dist\run1085555789\General_Store.jar
java_class_path (initial): C:\Users\ZIYAD\Documents\NetBeansProjects\General Store\dist\run1085555789\General_Store.jar
Launcher Type: SUN_STANDARD

Environment Variables:
JAVA_HOME=C:\Program Files\Java\jdk1.8.0_101
CLASSPATH=.;.;.;C:\PROGRA~2\JMF21~1.1E\lib\sound.jar;C:\PROGRA~2\JMF21~1.1E\lib\jmf.jar;C:\PROGRA~2\JMF21~1.1E\lib;
PATH=C:\Program Files (x86)\CodeBlocks\MinGW\bin;C:\Program Files\PHP\v5.3;C:\Program Files\Java\jdk1.8.0_101\bin;C:\ProgramData\Oracle\Java\javapath;C:\Windows\system32;C:\Windows;C:\Windows\System32\Wbem;C:\Windows\System32\WindowsPowerShell\v1.0\;C:\Program Files (x86)\AMD\ATI.ACE\Core-Static;C:\Program Files\MySQL\MySQL Utilities 1.6\;C:\Users\ZIYAD\Downloads\Maven\apache-maven-3.3.9\bin;C:\Program Files (x86)\WiX Toolset v3.7\bin;C:\Program Files (x86)\OpenVPN\bin;C:\Program Files\nodejs\;C:\opencv\build\bin;C:\Program Files\dotnet;C:\Users\ZIYAD\AppData\Local\atom\bin;C:\Users\ZIYAD\AppData\Roaming\npm;C:\Program Files\CMake\bin;C:\Program Files\Microsoft VS Code\bin;C:\Users\ZIYAD\AppData\Local\GitHubDesktop\bin
USERNAME=ZIYAD
OS=Windows_NT
PROCESSOR_IDENTIFIER=Intel64 Family 6 Model 60 Stepping 3, GenuineIntel



---------------  S Y S T E M  ---------------

OS: Windows 7 , 64 bit Build 7601 (6.1.7601.17617)

CPU:total 8 (4 cores per cpu, 2 threads per core) family 6 model 60 stepping 3, cmov, cx8, fxsr, mmx, sse, sse2, sse3, ssse3, sse4.1, sse4.2, popcnt, avx, avx2, aes, clmul, erms, rtm, lzcnt, ht, tsc, tscinvbit, bmi1, bmi2

Memory: 4k page, physical 8291236k(521844k free), swap 10463420k(2624k free)

vm_info: Java HotSpot(TM) 64-Bit Server VM (25.101-b13) for windows-amd64 JRE (1.8.0_101-b13), built on Jun 22 2016 01:21:29 by "java_re" with MS VC++ 10.0 (VS2010)

time: Mon Dec 04 22:57:26 2017
elapsed time: 30 seconds (0d 0h 0m 30s)

